# JRE version: Java(TM) SE Runtime Environment (22.0.2+9) (build 22.0.2+9-70)
# Java VM: Java HotSpot(TM) 64-Bit Server VM (22.0.2+9-70, mixed mode, emulated-client, sharing, tiered, compressed oops, compressed class ptrs, g1 gc, windows-amd64)
GC Precious Log:
 CardTable entry size: 512
 Card Set container configuration: InlinePtr #cards 4 size 8 Array Of Cards #cards 16 size 48 Howl #buckets 8 coarsen threshold 3686 Howl Bitmap #cards 512 size 80 coarsen threshold 460 Card regions per heap region 1 cards per card region 4096
 CPUs: 12 total, 12 available
 Memory: 15741M
 Large Page Support: Disabled
 NUMA Support: Disabled
 Compressed Oops: Enabled (Zero based)
 Heap Region Size: 2M
 Heap Min Capacity: 8M
 Heap Initial Capacity: 246M
 Heap Max Capacity: 3936M
 Pre-touch: Disabled
 Parallel Workers: 10
 Concurrent Workers: 3
 Concurrent Refinement Workers: 10
 Periodic GC: Disabled
Heap:
 garbage-first heap   total reserved 4030464K, committed 157696K, used 44084K [0x000000070a000000, 0x0000000800000000)
  region size 2048K, 1 young (2048K), 1 survivors (2048K)
 Metaspace       used 83093K, committed 84480K, reserved 1179648K
  class space    used 12337K, committed 12928K, reserved 1048576K
GC Heap History (20 events):
Event: 1957.115 GC heap after
{Heap after GC invocations=162 (full 0):
 garbage-first heap   total reserved 4030464K, committed 157696K, used 44176K [0x000000070a000000, 0x0000000800000000)
  region size 2048K, 1 young (2048K), 1 survivors (2048K)
 Metaspace       used 83093K, committed 84480K, reserved 1179648K
  class space    used 12337K, committed 12928K, reserved 1048576K
}
Event: 1958.996 GC heap before
{Heap before GC invocations=162 (full 0):
 garbage-first heap   total reserved 4030464K, committed 157696K, used 134288K [0x000000070a000000, 0x0000000800000000)
  region size 2048K, 46 young (94208K), 1 survivors (2048K)
 Metaspace       used 83093K, committed 84480K, reserved 1179648K
  class space    used 12337K, committed 12928K, reserved 1048576K
}
Event: 1959.005 GC heap after
{Heap after GC invocations=163 (full 0):
 garbage-first heap   total reserved 4030464K, committed 157696K, used 44050K [0x000000070a000000, 0x0000000800000000)
  region size 2048K, 1 young (2048K), 1 survivors (2048K)
 Metaspace       used 83093K, committed 84480K, reserved 1179648K
  class space    used 12337K, committed 12928K, reserved 1048576K
}
Event: 1960.899 GC heap before
{Heap before GC invocations=163 (full 0):
 garbage-first heap   total reserved 4030464K, committed 157696K, used 134162K [0x000000070a000000, 0x0000000800000000)
  region size 2048K, 46 young (94208K), 1 survivors (2048K)
 Metaspace       used 83093K, committed 84480K, reserved 1179648K
  class space    used 12337K, committed 12928K, reserved 1048576K
}
Event: 1960.900 GC heap after
{Heap after GC invocations=164 (full 0):
 garbage-first heap   total reserved 4030464K, committed 157696K, used 44064K [0x000000070a000000, 0x0000000800000000)
  region size 2048K, 1 young (2048K), 1 survivors (2048K)
 Metaspace       used 83093K, committed 84480K, reserved 1179648K
  class space    used 12337K, committed 12928K, reserved 1048576K
}
Event: 1962.932 GC heap before
{Heap before GC invocations=165 (full 0):
 garbage-first heap   total reserved 4030464K, committed 157696K, used 134176K [0x000000070a000000, 0x0000000800000000)
  region size 2048K, 46 young (94208K), 1 survivors (2048K)
 Metaspace       used 83093K, committed 84480K, reserved 1179648K
  class space    used 12337K, committed 12928K, reserved 1048576K
}
Event: 1963.308 GC heap after
{Heap after GC invocations=166 (full 0):
 garbage-first heap   total reserved 4030464K, committed 157696K, used 44060K [0x000000070a000000, 0x0000000800000000)
  region size 2048K, 1 young (2048K), 1 survivors (2048K)
 Metaspace       used 83093K, committed 84480K, reserved 1179648K
  class space    used 12337K, committed 12928K, reserved 1048576K
}
Event: 1963.389 GC heap before
{Heap before GC invocations=166 (full 0):
 garbage-first heap   total reserved 4030464K, committed 157696K, used 48156K [0x000000070a000000, 0x0000000800000000)
  region size 2048K, 3 young (6144K), 1 survivors (2048K)
 Metaspace       used 83093K, committed 84480K, reserved 1179648K
  class space    used 12337K, committed 12928K, reserved 1048576K
}
Event: 1963.392 GC heap after
{Heap after GC invocations=167 (full 0):
 garbage-first heap   total reserved 4030464K, committed 157696K, used 44091K [0x000000070a000000, 0x0000000800000000)
  region size 2048K, 1 young (2048K), 1 survivors (2048K)
 Metaspace       used 83093K, committed 84480K, reserved 1179648K
  class space    used 12337K, committed 12928K, reserved 1048576K
}
Event: 1965.535 GC heap before
{Heap before GC invocations=167 (full 0):
 garbage-first heap   total reserved 4030464K, committed 157696K, used 134203K [0x000000070a000000, 0x0000000800000000)
  region size 2048K, 46 young (94208K), 1 survivors (2048K)
 Metaspace       used 83093K, committed 84480K, reserved 1179648K
  class space    used 12337K, committed 12928K, reserved 1048576K
}
Event: 1965.537 GC heap after
{Heap after GC invocations=168 (full 0):
 garbage-first heap   total reserved 4030464K, committed 157696K, used 44059K [0x000000070a000000, 0x0000000800000000)
  region size 2048K, 1 young (2048K), 1 survivors (2048K)
 Metaspace       used 83093K, committed 84480K, reserved 1179648K
  class space    used 12337K, committed 12928K, reserved 1048576K
}
Event: 1967.411 GC heap before
{Heap before GC invocations=169 (full 0):
 garbage-first heap   total reserved 4030464K, committed 157696K, used 134171K [0x000000070a000000, 0x0000000800000000)
  region size 2048K, 46 young (94208K), 1 survivors (2048K)
 Metaspace       used 83093K, committed 84480K, reserved 1179648K
  class space    used 12337K, committed 12928K, reserved 1048576K
}
Event: 1967.463 GC heap after
{Heap after GC invocations=170 (full 0):
 garbage-first heap   total reserved 4030464K, committed 157696K, used 44085K [0x000000070a000000, 0x0000000800000000)
  region size 2048K, 1 young (2048K), 1 survivors (2048K)
 Metaspace       used 83093K, committed 84480K, reserved 1179648K
  class space    used 12337K, committed 12928K, reserved 1048576K
}
Event: 1969.044 GC heap before
{Heap before GC invocations=170 (full 0):
 garbage-first heap   total reserved 4030464K, committed 157696K, used 134197K [0x000000070a000000, 0x0000000800000000)
  region size 2048K, 46 young (94208K), 1 survivors (2048K)
 Metaspace       used 83093K, committed 84480K, reserved 1179648K
  class space    used 12337K, committed 12928K, reserved 1048576K
}
Event: 1969.057 GC heap after
{Heap after GC invocations=171 (full 0):
 garbage-first heap   total reserved 4030464K, committed 157696K, used 44112K [0x000000070a000000, 0x0000000800000000)
  region size 2048K, 1 young (2048K), 1 survivors (2048K)
 Metaspace       used 83093K, committed 84480K, reserved 1179648K
  class space    used 12337K, committed 12928K, reserved 1048576K
}
Event: 1970.792 GC heap before
{Heap before GC invocations=171 (full 0):
 garbage-first heap   total reserved 4030464K, committed 157696K, used 134224K [0x000000070a000000, 0x0000000800000000)
  region size 2048K, 46 young (94208K), 1 survivors (2048K)
 Metaspace       used 83093K, committed 84480K, reserved 1179648K
  class space    used 12337K, committed 12928K, reserved 1048576K
}
Event: 1970.795 GC heap after
{Heap after GC invocations=172 (full 0):
 garbage-first heap   total reserved 4030464K, committed 157696K, used 44059K [0x000000070a000000, 0x0000000800000000)
  region size 2048K, 1 young (2048K), 1 survivors (2048K)
 Metaspace       used 83093K, committed 84480K, reserved 1179648K
  class space    used 12337K, committed 12928K, reserved 1048576K
}
Event: 1972.480 GC heap before
{Heap before GC invocations=173 (full 0):
 garbage-first heap   total reserved 4030464K, committed 157696K, used 136219K [0x000000070a000000, 0x0000000800000000)
  region size 2048K, 46 young (94208K), 1 survivors (2048K)
 Metaspace       used 83093K, committed 84480K, reserved 1179648K
  class space    used 12337K, committed 12928K, reserved 1048576K
}
Event: 1972.595 GC heap after
{Heap after GC invocations=174 (full 0):
 garbage-first heap   total reserved 4030464K, committed 157696K, used 44078K [0x000000070a000000, 0x0000000800000000)
  region size 2048K, 1 young (2048K), 1 survivors (2048K)
 Metaspace       used 83093K, committed 84480K, reserved 1179648K
  class space    used 12337K, committed 12928K, reserved 1048576K
}
Event: 1974.207 GC heap before
{Heap before GC invocations=174 (full 0):
 garbage-first heap   total reserved 4030464K, committed 157696K, used 134190K [0x000000070a000000, 0x0000000800000000)
  region size 2048K, 46 young (94208K), 1 survivors (2048K)
 Metaspace       used 83093K, committed 84480K, reserved 1179648K
  class space    used 12337K, committed 12928K, reserved 1048576K
}

